<?xml version="1.0" encoding="UTF-8"?>
<!-- Generated by org.testng.reporters.JUnitXMLReporter -->
<testsuite ignored="0" hostname="LAPTOP-11K5SKBN" failures="0" tests="13" name="Default test" time="7.189" errors="0" timestamp="2026-06-20T21:58:41 IST">
  <testcase classname="com.qa.testscripts.TestBase" name="@BeforeClass setup" time="6.45">
    <failure type="org.openqa.selenium.SessionNotCreatedException" message="Could not start a new session. Response code 500. Message: session not created: This version of Microsoft Edge WebDriver only supports Microsoft Edge version 134
Current browser version is 149.0.4022.69 with binary path C:\Program Files (x86)\Microsoft\Edge\Application\msedge.exe 
Host info: host: &amp;apos;LAPTOP-11K5SKBN&amp;apos;, ip: &amp;apos;192.168.112.217&amp;apos;
Build info: version: &amp;apos;4.11.0&amp;apos;, revision: &amp;apos;040bc5406b&amp;apos;
System info: os.name: &amp;apos;Windows 11&amp;apos;, os.arch: &amp;apos;amd64&amp;apos;, os.version: &amp;apos;10.0&amp;apos;, java.version: &amp;apos;23.0.1&amp;apos;
Driver info: org.openqa.selenium.edge.EdgeDriver
Command: [null, newSession {capabilities=[Capabilities {browserName: MicrosoftEdge, ms:edgeOptions: {args: [--remote-allow-origins=*], extensions: []}}]}]">
      <![CDATA[org.openqa.selenium.SessionNotCreatedException: Could not start a new session. Response code 500. Message: session not created: This version of Microsoft Edge WebDriver only supports Microsoft Edge version 134
Current browser version is 149.0.4022.69 with binary path C:\Program Files (x86)\Microsoft\Edge\Application\msedge.exe 
Host info: host: 'LAPTOP-11K5SKBN', ip: '192.168.112.217'
Build info: version: '4.11.0', revision: '040bc5406b'
System info: os.name: 'Windows 11', os.arch: 'amd64', os.version: '10.0', java.version: '23.0.1'
Driver info: org.openqa.selenium.edge.EdgeDriver
Command: [null, newSession {capabilities=[Capabilities {browserName: MicrosoftEdge, ms:edgeOptions: {args: [--remote-allow-origins=*], extensions: []}}]}]
at org.openqa.selenium.remote.ProtocolHandshake.createSession(ProtocolHandshake.java:140)
at org.openqa.selenium.remote.ProtocolHandshake.createSession(ProtocolHandshake.java:96)
at org.openqa.selenium.remote.ProtocolHandshake.createSession(ProtocolHandshake.java:68)
at org.openqa.selenium.remote.HttpCommandExecutor.execute(HttpCommandExecutor.java:163)
at org.openqa.selenium.remote.service.DriverCommandExecutor.invokeExecute(DriverCommandExecutor.java:196)
at org.openqa.selenium.remote.service.DriverCommandExecutor.execute(DriverCommandExecutor.java:171)
at org.openqa.selenium.remote.RemoteWebDriver.execute(RemoteWebDriver.java:518)
at org.openqa.selenium.remote.RemoteWebDriver.startSession(RemoteWebDriver.java:232)
at org.openqa.selenium.remote.RemoteWebDriver.<init>(RemoteWebDriver.java:159)
at org.openqa.selenium.chromium.ChromiumDriver.<init>(ChromiumDriver.java:108)
at org.openqa.selenium.edge.EdgeDriver.<init>(EdgeDriver.java:60)
at org.openqa.selenium.edge.EdgeDriver.<init>(EdgeDriver.java:56)
at org.openqa.selenium.edge.EdgeDriver.<init>(EdgeDriver.java:48)
at org.openqa.selenium.edge.EdgeDriver.<init>(EdgeDriver.java:44)
at com.qa.testscripts.TestBase.setup(TestBase.java:37)
at java.base/jdk.internal.reflect.DirectMethodHandleAccessor.invoke(DirectMethodHandleAccessor.java:103)
at java.base/java.lang.reflect.Method.invoke(Method.java:580)
at org.testng.internal.invokers.MethodInvocationHelper.invokeMethod(MethodInvocationHelper.java:141)
at org.testng.internal.invokers.MethodInvocationHelper.invokeMethodConsideringTimeout(MethodInvocationHelper.java:71)
at org.testng.internal.invokers.ConfigInvoker.invokeConfigurationMethod(ConfigInvoker.java:400)
at org.testng.internal.invokers.ConfigInvoker.invokeConfigurations(ConfigInvoker.java:333)
at org.testng.internal.invokers.TestMethodWorker.invokeBeforeClassMethods(TestMethodWorker.java:188)
at org.testng.internal.invokers.TestMethodWorker.run(TestMethodWorker.java:128)
at java.base/java.util.ArrayList.forEach(ArrayList.java:1597)
at org.testng.TestRunner.privateRun(TestRunner.java:739)
at org.testng.TestRunner.run(TestRunner.java:614)
at org.testng.SuiteRunner.runTest(SuiteRunner.java:421)
at org.testng.SuiteRunner.runSequentially(SuiteRunner.java:413)
at org.testng.SuiteRunner.privateRun(SuiteRunner.java:373)
at org.testng.SuiteRunner.run(SuiteRunner.java:312)
at org.testng.SuiteRunnerWorker.runSuite(SuiteRunnerWorker.java:52)
at org.testng.SuiteRunnerWorker.run(SuiteRunnerWorker.java:95)
at org.testng.TestNG.runSuitesSequentially(TestNG.java:1274)
at org.testng.TestNG.runSuitesLocally(TestNG.java:1208)
at org.testng.TestNG.runSuites(TestNG.java:1112)
at org.testng.TestNG.run(TestNG.java:1079)
at org.testng.remote.AbstractRemoteTestNG.run(AbstractRemoteTestNG.java:115)
at org.testng.remote.RemoteTestNG.initAndRun(RemoteTestNG.java:293)
at org.testng.remote.RemoteTestNG.main(RemoteTestNG.java:91)
]]>
    </failure>
  </testcase> <!-- @BeforeClass setup -->
  <testcase classname="com.qa.testscripts.TestBase" name="@AfterClass TearDown" time="0.0">
    <skipped/>
  </testcase> <!-- @AfterClass TearDown -->
  <testcase classname="com.qa.testscripts.Firstcry_Findstore_01" name="BrowserLaunch" time="0.0">
    <skipped/>
  </testcase> <!-- BrowserLaunch -->
  <testcase classname="com.qa.testscripts.Firstcry_Findstore_01" name="FindStore" time="0.001">
    <skipped/>
  </testcase> <!-- FindStore -->
  <testcase classname="com.qa.testscripts.Firstcry_Findstore_01" name="EnterName" time="0.0">
    <skipped/>
  </testcase> <!-- EnterName -->
  <testcase classname="com.qa.testscripts.Firstcry_Findstore_01" name="EnterLastName" time="0.0">
    <skipped/>
  </testcase> <!-- EnterLastName -->
  <testcase classname="com.qa.testscripts.Firstcry_Findstore_01" name="Selectstate" time="0.0">
    <skipped/>
  </testcase> <!-- Selectstate -->
  <testcase classname="com.qa.testscripts.Firstcry_Findstore_01" name="City" time="0.0">
    <skipped/>
  </testcase> <!-- City -->
  <testcase classname="com.qa.testscripts.Firstcry_Findstore_01" name="MobileNo" time="0.0">
    <skipped/>
  </testcase> <!-- MobileNo -->
  <testcase classname="com.qa.testscripts.Firstcry_Findstore_01" name="EmailAdd" time="0.0">
    <skipped/>
  </testcase> <!-- EmailAdd -->
  <testcase classname="com.qa.testscripts.Firstcry_Findstore_01" name="StoreOpen" time="0.0">
    <skipped/>
  </testcase> <!-- StoreOpen -->
  <testcase classname="com.qa.testscripts.Firstcry_Findstore_01" name="SelectCapital" time="0.0">
    <skipped/>
  </testcase> <!-- SelectCapital -->
  <testcase classname="com.qa.testscripts.Firstcry_Findstore_01" name="Description" time="0.0">
    <skipped/>
  </testcase> <!-- Description -->
  <testcase classname="com.qa.testscripts.Firstcry_Findstore_01" name="Aboutus" time="0.0">
    <skipped/>
  </testcase> <!-- Aboutus -->
  <testcase classname="com.qa.testscripts.Firstcry_Findstore_01" name="captcha" time="0.0">
    <skipped/>
  </testcase> <!-- captcha -->
</testsuite> <!-- Default test -->
