<?xml version="1.0" encoding="UTF-8"?>
<!-- Generated by org.testng.reporters.JUnitXMLReporter -->
<testsuite ignored="1" hostname="LAPTOP-11K5SKBN" failures="1" tests="1" name="Test(failed)" time="11.328" errors="0" timestamp="2024-12-23T18:15:02 IST">
  <testcase classname="com.qa.testscripts.Fnp_Framework" name="SearchCity" time="1.27">
    <failure type="org.openqa.selenium.ElementClickInterceptedException" message="element click intercepted: Element &amp;lt;div class=&amp;quot;MuiGrid-root jss5&amp;quot; id=&amp;quot;location-lock&amp;quot;&amp;gt;...&amp;lt;/div&amp;gt; is not clickable at point (719, 65). Other element would receive the click: &amp;lt;div class=&amp;quot;wzrk-overlay&amp;quot;&amp;gt;&amp;lt;/div&amp;gt;
  (Session info: MicrosoftEdge=131.0.2903.112)
Build info: version: &amp;apos;4.11.0&amp;apos;, revision: &amp;apos;040bc5406b&amp;apos;
System info: os.name: &amp;apos;Windows 11&amp;apos;, os.arch: &amp;apos;amd64&amp;apos;, os.version: &amp;apos;10.0&amp;apos;, java.version: &amp;apos;23.0.1&amp;apos;
Driver info: org.openqa.selenium.edge.EdgeDriver
Command: [3af5466e45e372473fee7b7bb4ebf2fb, clickElement {id=f.B6130F5D0CB63B748A0A364B09BE2F74.d.35C637B5EF056E4416A519065B6EA877.e.93}]
Capabilities {acceptInsecureCerts: false, browserName: MicrosoftEdge, browserVersion: 131.0.2903.112, fedcm:accounts: true, ms:edgeOptions: {debuggerAddress: localhost:53996}, msedge: {msedgedriverVersion: 131.0.2903.86 (cf5bf303997c..., userDataDir: C:\Users\Abhi\AppData\Local...}, networkConnectionEnabled: false, pageLoadStrategy: normal, platformName: windows, proxy: Proxy(), se:cdp: ws://localhost:53996/devtoo..., se:cdpVersion: 131.0.2903.112, setWindowRect: true, strictFileInteractability: false, timeouts: {implicit: 0, pageLoad: 300000, script: 30000}, unhandledPromptBehavior: dismiss and notify, webauthn:extension:credBlob: true, webauthn:extension:largeBlob: true, webauthn:extension:minPinLength: true, webauthn:extension:prf: true, webauthn:virtualAuthenticators: true}
Element: [[EdgeDriver: MicrosoftEdge on windows (3af5466e45e372473fee7b7bb4ebf2fb)] -&amp;gt; id: location-lock]
Session ID: 3af5466e45e372473fee7b7bb4ebf2fb">
      <![CDATA[org.openqa.selenium.ElementClickInterceptedException: element click intercepted: Element <div class="MuiGrid-root jss5" id="location-lock">...</div> is not clickable at point (719, 65). Other element would receive the click: <div class="wzrk-overlay"></div>
  (Session info: MicrosoftEdge=131.0.2903.112)
Build info: version: '4.11.0', revision: '040bc5406b'
System info: os.name: 'Windows 11', os.arch: 'amd64', os.version: '10.0', java.version: '23.0.1'
Driver info: org.openqa.selenium.edge.EdgeDriver
Command: [3af5466e45e372473fee7b7bb4ebf2fb, clickElement {id=f.B6130F5D0CB63B748A0A364B09BE2F74.d.35C637B5EF056E4416A519065B6EA877.e.93}]
Capabilities {acceptInsecureCerts: false, browserName: MicrosoftEdge, browserVersion: 131.0.2903.112, fedcm:accounts: true, ms:edgeOptions: {debuggerAddress: localhost:53996}, msedge: {msedgedriverVersion: 131.0.2903.86 (cf5bf303997c..., userDataDir: C:\Users\Abhi\AppData\Local...}, networkConnectionEnabled: false, pageLoadStrategy: normal, platformName: windows, proxy: Proxy(), se:cdp: ws://localhost:53996/devtoo..., se:cdpVersion: 131.0.2903.112, setWindowRect: true, strictFileInteractability: false, timeouts: {implicit: 0, pageLoad: 300000, script: 30000}, unhandledPromptBehavior: dismiss and notify, webauthn:extension:credBlob: true, webauthn:extension:largeBlob: true, webauthn:extension:minPinLength: true, webauthn:extension:prf: true, webauthn:virtualAuthenticators: true}
Element: [[EdgeDriver: MicrosoftEdge on windows (3af5466e45e372473fee7b7bb4ebf2fb)] -> id: location-lock]
Session ID: 3af5466e45e372473fee7b7bb4ebf2fb
at org.openqa.selenium.remote.codec.w3c.W3CHttpResponseCodec.createException(W3CHttpResponseCodec.java:200)
at org.openqa.selenium.remote.codec.w3c.W3CHttpResponseCodec.decode(W3CHttpResponseCodec.java:133)
at org.openqa.selenium.remote.codec.w3c.W3CHttpResponseCodec.decode(W3CHttpResponseCodec.java:52)
at org.openqa.selenium.remote.HttpCommandExecutor.execute(HttpCommandExecutor.java:191)
at org.openqa.selenium.remote.service.DriverCommandExecutor.invokeExecute(DriverCommandExecutor.java:196)
at org.openqa.selenium.remote.service.DriverCommandExecutor.execute(DriverCommandExecutor.java:171)
at org.openqa.selenium.remote.RemoteWebDriver.execute(RemoteWebDriver.java:518)
at org.openqa.selenium.remote.RemoteWebElement.execute(RemoteWebElement.java:224)
at org.openqa.selenium.remote.RemoteWebElement.click(RemoteWebElement.java:77)
at com.qa.testscripts.Fnp_Framework.SearchCity(Fnp_Framework.java:54)
at java.base/java.util.ArrayList.forEach(ArrayList.java:1597)
... Removed 28 stack frames]]>
    </failure>
  </testcase> <!-- SearchCity -->
  <testcase classname="com.qa.testscripts.Fnp_Framework" name="LaunchURL" time="0.0">
    <ignored/>
  </testcase> <!-- LaunchURL -->
</testsuite> <!-- Test(failed) -->
