<?xml version="1.0" encoding="UTF-8"?>
<testng-results ignored="0" total="1" passed="1" failed="0" skipped="0">
  <reporter-output>
  </reporter-output>
  <suite started-at="2026-06-23T19:51:53 IST" name="Suite" finished-at="2026-06-23T19:52:12 IST" duration-ms="18835">
    <groups>
    </groups>
    <test started-at="2026-06-23T19:51:53 IST" name="Test" finished-at="2026-06-23T19:52:12 IST" duration-ms="18835">
      <class name="com.qa.testscripts.ParaBankRegisterTest">
        <test-method is-config="true" signature="setup(java.lang.String)[pri:0, instance:com.qa.testscripts.ParaBankRegisterTest@51bf5add]" started-at="2026-06-23T19:51:53 IST" name="setup" finished-at="2026-06-23T19:51:59 IST" duration-ms="5450" status="PASS">
          <params>
            <param index="0">
              <value>
                <![CDATA[https://parabank.parasoft.com/parabank/register.htm]]>
              </value>
            </param>
          </params>
          <reporter-output>
          </reporter-output>
        </test-method> <!-- setup -->
        <test-method signature="registerUsers()[pri:0, instance:com.qa.testscripts.ParaBankRegisterTest@51bf5add]" started-at="2026-06-23T19:51:59 IST" name="registerUsers" finished-at="2026-06-23T19:52:11 IST" duration-ms="12434" status="PASS">
          <reporter-output>
          </reporter-output>
        </test-method> <!-- registerUsers -->
        <test-method is-config="true" signature="TearDown()[pri:0, instance:com.qa.testscripts.ParaBankRegisterTest@51bf5add]" started-at="2026-06-23T19:52:11 IST" name="TearDown" finished-at="2026-06-23T19:52:12 IST" duration-ms="755" status="PASS">
          <reporter-output>
          </reporter-output>
        </test-method> <!-- TearDown -->
      </class> <!-- com.qa.testscripts.ParaBankRegisterTest -->
    </test> <!-- Test -->
  </suite> <!-- Suite -->
</testng-results>
