<?xml version="1.0" encoding="UTF-8"?>
<testng-results ignored="0" total="1" passed="1" failed="0" skipped="0">
  <reporter-output>
  </reporter-output>
  <suite started-at="2026-06-21T23:19:54 IST" name="Suite" finished-at="2026-06-21T23:20:18 IST" duration-ms="23355">
    <groups>
    </groups>
    <test started-at="2026-06-21T23:19:54 IST" name="Test" finished-at="2026-06-21T23:20:18 IST" duration-ms="23355">
      <class name="com.qa.testscripts.ParaBankRegisterTest">
        <test-method is-config="true" signature="setup(java.lang.String)[pri:0, instance:com.qa.testscripts.ParaBankRegisterTest@7bf3a5d8]" started-at="2026-06-21T23:19:55 IST" name="setup" finished-at="2026-06-21T23:20:00 IST" duration-ms="5506" status="PASS">
          <params>
            <param index="0">
              <value>
                <![CDATA[https://parabank.parasoft.com/parabank/register.htm]]>
              </value>
            </param>
          </params>
          <reporter-output>
          </reporter-output>
        </test-method> <!-- setup -->
        <test-method signature="registerUsers()[pri:0, instance:com.qa.testscripts.ParaBankRegisterTest@7bf3a5d8]" started-at="2026-06-21T23:20:00 IST" name="registerUsers" finished-at="2026-06-21T23:20:17 IST" duration-ms="16822" status="PASS">
          <reporter-output>
          </reporter-output>
        </test-method> <!-- registerUsers -->
        <test-method is-config="true" signature="TearDown()[pri:0, instance:com.qa.testscripts.ParaBankRegisterTest@7bf3a5d8]" started-at="2026-06-21T23:20:17 IST" name="TearDown" finished-at="2026-06-21T23:20:18 IST" duration-ms="827" status="PASS">
          <reporter-output>
          </reporter-output>
        </test-method> <!-- TearDown -->
      </class> <!-- com.qa.testscripts.ParaBankRegisterTest -->
    </test> <!-- Test -->
  </suite> <!-- Suite -->
</testng-results>
