<?xml version="1.0" encoding="UTF-8"?>
<!-- Generated by org.testng.reporters.JUnitReportReporter -->
<testsuite hostname="LAPTOP-60QQQVS7" failures="0" tests="9" name="com.qa.testscripts.Fnp_02" time="70.455" errors="0" timestamp="2024-12-23T14:02:09 IST" skipped="0">
  <testcase classname="com.qa.testscripts.Fnp_02" name="LaunchURL" time="4.799"/>
  <testcase classname="com.qa.testscripts.Fnp_02" name="SearchCity" time="11.194"/>
  <testcase classname="com.qa.testscripts.Fnp_02" name="SearchGift" time="14.907"/>
  <testcase classname="com.qa.testscripts.Fnp_02" name="SearchCake" time="9.171"/>
  <testcase classname="com.qa.testscripts.Fnp_02" name="Message" time="2.189"/>
  <testcase classname="com.qa.testscripts.Fnp_02" name="special" time="4.312"/>
  <testcase classname="com.qa.testscripts.Fnp_02" name="Gourmet" time="4.484"/>
  <testcase classname="com.qa.testscripts.Fnp_02" name="Keepsakes" time="8.724"/>
  <testcase classname="com.qa.testscripts.Fnp_02" name="Registration" time="10.675"/>
</testsuite> <!-- com.qa.testscripts.Fnp_02 -->
