<?xml version="1.0" encoding="UTF-8"?>
<!-- Generated by org.testng.reporters.JUnitReportReporter -->
<testsuite hostname="LAPTOP-60QQQVS7" failures="0" tests="2" name="com.qa.testscripts.BookMyShow_01" time="9.435" errors="0" timestamp="2024-12-17T11:22:53 IST" skipped="0">
  <testcase classname="com.qa.testscripts.BookMyShow_01" name="LaunchURL" time="4.414"/>
  <testcase classname="com.qa.testscripts.BookMyShow_01" name="SearchCity" time="5.021"/>
</testsuite> <!-- com.qa.testscripts.BookMyShow_01 -->
