<?xml version="1.0" encoding="UTF-8"?>
<!-- Generated by org.testng.reporters.JUnitReportReporter -->
<testsuite hostname="LAPTOP-11K5SKBN" failures="0" tests="2" name="com.qa.testscripts.Fnp_Framework" time="12.955" errors="0" timestamp="2024-12-23T18:19:19 IST" skipped="0">
  <testcase classname="com.qa.testscripts.Fnp_Framework" name="SearchCity" time="11.771"/>
  <testcase classname="com.qa.testscripts.Fnp_Framework" name="LaunchURL" time="1.184"/>
</testsuite> <!-- com.qa.testscripts.Fnp_Framework -->
